2023-04-16T23:10:47.243+05:30  INFO 5900 --- [restartedMain] c.pms.AuthenticationServiceApplication   : Starting AuthenticationServiceApplication using Java 17.0.6 with PID 5900 (C:\PMS-Project\PMS-Updated-Services\g2-Authentication-service\target\classes started by Noorullah Ansari in C:\PMS-Project\PMS-Updated-Services\g2-Authentication-service)
2023-04-16T23:10:47.252+05:30  INFO 5900 --- [restartedMain] c.pms.AuthenticationServiceApplication   : No active profile set, falling back to 1 default profile: "default"
2023-04-16T23:10:47.328+05:30  INFO 5900 --- [restartedMain] .e.DevToolsPropertyDefaultsPostProcessor : For additional web related logging consider setting the 'logging.level.web' property to 'DEBUG'
2023-04-16T23:10:49.177+05:30  INFO 5900 --- [restartedMain] .s.d.r.c.RepositoryConfigurationDelegate : Bootstrapping Spring Data JPA repositories in DEFAULT mode.
2023-04-16T23:10:49.343+05:30  INFO 5900 --- [restartedMain] .s.d.r.c.RepositoryConfigurationDelegate : Finished Spring Data repository scanning in 154 ms. Found 1 JPA repository interfaces.
2023-04-16T23:10:49.829+05:30  INFO 5900 --- [restartedMain] o.s.cloud.context.scope.GenericScope     : BeanFactory id=ceafd992-fb66-3a14-8d79-35e97a30bc5b
2023-04-16T23:10:49.966+05:30  INFO 5900 --- [restartedMain] trationDelegate$BeanPostProcessorChecker : Bean 'org.springframework.ws.config.annotation.DelegatingWsConfiguration' of type [org.springframework.ws.config.annotation.DelegatingWsConfiguration$$SpringCGLIB$$0] is not eligible for getting processed by all BeanPostProcessors (for example: not eligible for auto-proxying)
2023-04-16T23:10:50.019+05:30  INFO 5900 --- [restartedMain] .w.s.a.s.AnnotationActionEndpointMapping : Supporting [WS-Addressing August 2004, WS-Addressing 1.0]
2023-04-16T23:10:50.282+05:30  INFO 5900 --- [restartedMain] trationDelegate$BeanPostProcessorChecker : Bean 'org.springframework.cloud.client.loadbalancer.reactive.LoadBalancerBeanPostProcessorAutoConfiguration' of type [org.springframework.cloud.client.loadbalancer.reactive.LoadBalancerBeanPostProcessorAutoConfiguration] is not eligible for getting processed by all BeanPostProcessors (for example: not eligible for auto-proxying)
2023-04-16T23:10:50.287+05:30  INFO 5900 --- [restartedMain] trationDelegate$BeanPostProcessorChecker : Bean 'org.springframework.cloud.client.loadbalancer.reactive.LoadBalancerBeanPostProcessorAutoConfiguration$ReactorDeferringLoadBalancerFilterConfig' of type [org.springframework.cloud.client.loadbalancer.reactive.LoadBalancerBeanPostProcessorAutoConfiguration$ReactorDeferringLoadBalancerFilterConfig] is not eligible for getting processed by all BeanPostProcessors (for example: not eligible for auto-proxying)
2023-04-16T23:10:50.290+05:30  INFO 5900 --- [restartedMain] trationDelegate$BeanPostProcessorChecker : Bean 'reactorDeferringLoadBalancerExchangeFilterFunction' of type [org.springframework.cloud.client.loadbalancer.reactive.DeferringLoadBalancerExchangeFilterFunction] is not eligible for getting processed by all BeanPostProcessors (for example: not eligible for auto-proxying)
2023-04-16T23:10:50.714+05:30  INFO 5900 --- [restartedMain] o.s.b.w.embedded.tomcat.TomcatWebServer  : Tomcat initialized with port(s): 9004 (http)
2023-04-16T23:10:50.726+05:30  INFO 5900 --- [restartedMain] o.apache.catalina.core.StandardService   : Starting service [Tomcat]
2023-04-16T23:10:50.726+05:30  INFO 5900 --- [restartedMain] o.apache.catalina.core.StandardEngine    : Starting Servlet engine: [Apache Tomcat/10.1.7]
2023-04-16T23:10:50.873+05:30  INFO 5900 --- [restartedMain] o.a.c.c.C.[Tomcat].[localhost].[/]       : Initializing Spring embedded WebApplicationContext
2023-04-16T23:10:50.875+05:30  INFO 5900 --- [restartedMain] w.s.c.ServletWebServerApplicationContext : Root WebApplicationContext: initialization completed in 3545 ms
2023-04-16T23:10:51.900+05:30  INFO 5900 --- [restartedMain] com.zaxxer.hikari.HikariDataSource       : HikariPool-1 - Starting...
2023-04-16T23:10:52.317+05:30  INFO 5900 --- [restartedMain] com.zaxxer.hikari.pool.HikariPool        : HikariPool-1 - Added connection com.mysql.cj.jdbc.ConnectionImpl@2fe6f7d1
2023-04-16T23:10:52.321+05:30  INFO 5900 --- [restartedMain] com.zaxxer.hikari.HikariDataSource       : HikariPool-1 - Start completed.
2023-04-16T23:10:52.362+05:30  INFO 5900 --- [restartedMain] SQL dialect                              : HHH000400: Using dialect: org.hibernate.dialect.MySQL8Dialect
2023-04-16T23:10:54.120+05:30  INFO 5900 --- [restartedMain] j.LocalContainerEntityManagerFactoryBean : Initialized JPA EntityManagerFactory for persistence unit 'default'
2023-04-16T23:10:54.939+05:30  WARN 5900 --- [restartedMain] JpaBaseConfiguration$JpaWebConfiguration : spring.jpa.open-in-view is enabled by default. Therefore, database queries may be performed during view rendering. Explicitly configure spring.jpa.open-in-view to disable this warning
2023-04-16T23:10:58.652+05:30  WARN 5900 --- [restartedMain] o.s.b.d.a.OptionalLiveReloadServer       : Unable to start LiveReload server
2023-04-16T23:10:59.055+05:30  WARN 5900 --- [restartedMain] iguration$LoadBalancerCaffeineWarnLogger : Spring Cloud LoadBalancer is currently working with the default cache. While this cache implementation is useful for development and tests, it's recommended to use Caffeine cache in production.You can switch to using Caffeine cache, by adding it and org.springframework.cache.caffeine.CaffeineCacheManager to the classpath.
2023-04-16T23:10:59.068+05:30  INFO 5900 --- [restartedMain] o.s.b.a.e.web.EndpointLinksResolver      : Exposing 1 endpoint(s) beneath base path '/actuator'
2023-04-16T23:10:59.265+05:30  INFO 5900 --- [restartedMain] o.s.b.w.embedded.tomcat.TomcatWebServer  : Tomcat started on port(s): 9004 (http) with context path ''
2023-04-16T23:10:59.274+05:30  INFO 5900 --- [restartedMain] o.s.c.c.s.ConsulServiceRegistry          : Registering service with consul: NewService{id='g2-authentication-service-9004', name='g2-authentication-service', tags=[], address='host.docker.internal', meta={secure=false}, port=9004, enableTagOverride=null, check=Check{script='null', dockerContainerID='null', shell='null', interval='12s', ttl='null', http='http://host.docker.internal:9004/actuator/health', method='null', header={}, tcp='null', timeout='null', deregisterCriticalServiceAfter='null', tlsSkipVerify=null, status='null', grpc='null', grpcUseTLS=null}, checks=null}
2023-04-16T23:10:59.752+05:30  INFO 5900 --- [restartedMain] c.pms.AuthenticationServiceApplication   : Started AuthenticationServiceApplication in 13.226 seconds (process running for 14.346)
2023-04-16T23:11:00.518+05:30  INFO 5900 --- [RMI TCP Connection(11)-127.0.0.1] o.a.c.c.C.[Tomcat].[localhost].[/]       : Initializing Spring DispatcherServlet 'dispatcherServlet'
2023-04-16T23:11:00.518+05:30  INFO 5900 --- [RMI TCP Connection(11)-127.0.0.1] o.s.web.servlet.DispatcherServlet        : Initializing Servlet 'dispatcherServlet'
2023-04-16T23:11:00.524+05:30  INFO 5900 --- [RMI TCP Connection(11)-127.0.0.1] o.s.web.servlet.DispatcherServlet        : Completed initialization in 6 ms
2023-04-16T23:36:43.157+05:30  WARN 5900 --- [http-nio-9004-exec-9] o.a.c.util.SessionIdGeneratorBase        : Creation of SecureRandom instance for session ID generation using [SHA1PRNG] took [120] milliseconds.
