2023-04-16T23:10:24.165+05:30  INFO 20244 --- [restartedMain] c.pms.G2AppointmentServiceApplication    : The following 1 profile is active: "local"
2023-04-16T23:10:25.847+05:30  INFO 20244 --- [restartedMain] .s.d.r.c.RepositoryConfigurationDelegate : Bootstrapping Spring Data JPA repositories in DEFAULT mode.
2023-04-16T23:10:25.975+05:30  INFO 20244 --- [restartedMain] .s.d.r.c.RepositoryConfigurationDelegate : Finished Spring Data repository scanning in 119 ms. Found 1 JPA repository interfaces.
2023-04-16T23:10:26.505+05:30  INFO 20244 --- [restartedMain] o.s.cloud.context.scope.GenericScope     : BeanFactory id=e54a5462-c9e7-3ae0-a28d-d716aad22789
2023-04-16T23:10:27.032+05:30  INFO 20244 --- [restartedMain] trationDelegate$BeanPostProcessorChecker : Bean 'org.springframework.cloud.client.loadbalancer.reactive.LoadBalancerBeanPostProcessorAutoConfiguration' of type [org.springframework.cloud.client.loadbalancer.reactive.LoadBalancerBeanPostProcessorAutoConfiguration] is not eligible for getting processed by all BeanPostProcessors (for example: not eligible for auto-proxying)
2023-04-16T23:10:27.052+05:30  INFO 20244 --- [restartedMain] trationDelegate$BeanPostProcessorChecker : Bean 'org.springframework.cloud.client.loadbalancer.reactive.LoadBalancerBeanPostProcessorAutoConfiguration$ReactorDeferringLoadBalancerFilterConfig' of type [org.springframework.cloud.client.loadbalancer.reactive.LoadBalancerBeanPostProcessorAutoConfiguration$ReactorDeferringLoadBalancerFilterConfig] is not eligible for getting processed by all BeanPostProcessors (for example: not eligible for auto-proxying)
2023-04-16T23:10:27.074+05:30  INFO 20244 --- [restartedMain] trationDelegate$BeanPostProcessorChecker : Bean 'reactorDeferringLoadBalancerExchangeFilterFunction' of type [org.springframework.cloud.client.loadbalancer.reactive.DeferringLoadBalancerExchangeFilterFunction] is not eligible for getting processed by all BeanPostProcessors (for example: not eligible for auto-proxying)
2023-04-16T23:10:28.699+05:30  INFO 20244 --- [restartedMain] o.s.b.w.embedded.tomcat.TomcatWebServer  : Tomcat initialized with port(s): 9003 (http)
2023-04-16T23:10:28.716+05:30  INFO 20244 --- [restartedMain] o.apache.catalina.core.StandardService   : Starting service [Tomcat]
2023-04-16T23:10:28.717+05:30  INFO 20244 --- [restartedMain] o.apache.catalina.core.StandardEngine    : Starting Servlet engine: [Apache Tomcat/10.1.7]
2023-04-16T23:10:28.840+05:30  INFO 20244 --- [restartedMain] o.a.c.c.C.[Tomcat].[localhost].[/]       : Initializing Spring embedded WebApplicationContext
2023-04-16T23:10:28.841+05:30  INFO 20244 --- [restartedMain] w.s.c.ServletWebServerApplicationContext : Root WebApplicationContext: initialization completed in 4638 ms
2023-04-16T23:10:29.711+05:30  INFO 20244 --- [restartedMain] com.zaxxer.hikari.HikariDataSource       : HikariPool-1 - Starting...
2023-04-16T23:10:29.906+05:30  INFO 20244 --- [restartedMain] com.zaxxer.hikari.pool.HikariPool        : HikariPool-1 - Added connection com.mysql.cj.jdbc.ConnectionImpl@3d015d12
2023-04-16T23:10:29.910+05:30  INFO 20244 --- [restartedMain] com.zaxxer.hikari.HikariDataSource       : HikariPool-1 - Start completed.
2023-04-16T23:10:29.934+05:30  INFO 20244 --- [restartedMain] SQL dialect                              : HHH000400: Using dialect: org.hibernate.dialect.MySQL8Dialect
2023-04-16T23:10:30.938+05:30  INFO 20244 --- [restartedMain] j.LocalContainerEntityManagerFactoryBean : Initialized JPA EntityManagerFactory for persistence unit 'default'
2023-04-16T23:10:31.879+05:30  WARN 20244 --- [restartedMain] JpaBaseConfiguration$JpaWebConfiguration : spring.jpa.open-in-view is enabled by default. Therefore, database queries may be performed during view rendering. Explicitly configure spring.jpa.open-in-view to disable this warning
2023-04-16T23:10:36.153+05:30  WARN 20244 --- [restartedMain] o.s.b.d.a.OptionalLiveReloadServer       : Unable to start LiveReload server
2023-04-16T23:10:36.616+05:30  WARN 20244 --- [restartedMain] iguration$LoadBalancerCaffeineWarnLogger : Spring Cloud LoadBalancer is currently working with the default cache. While this cache implementation is useful for development and tests, it's recommended to use Caffeine cache in production.You can switch to using Caffeine cache, by adding it and org.springframework.cache.caffeine.CaffeineCacheManager to the classpath.
2023-04-16T23:10:36.637+05:30  INFO 20244 --- [restartedMain] o.s.b.a.e.web.EndpointLinksResolver      : Exposing 1 endpoint(s) beneath base path '/actuator'
2023-04-16T23:10:36.840+05:30  INFO 20244 --- [restartedMain] o.s.b.w.embedded.tomcat.TomcatWebServer  : Tomcat started on port(s): 9003 (http) with context path ''
2023-04-16T23:10:36.847+05:30  INFO 20244 --- [restartedMain] o.s.c.c.s.ConsulServiceRegistry          : Registering service with consul: NewService{id='g2-Appointment-service-9003', name='g2-Appointment-service', tags=[], address='host.docker.internal', meta={secure=false}, port=9003, enableTagOverride=null, check=Check{script='null', dockerContainerID='null', shell='null', interval='12s', ttl='null', http='http://host.docker.internal:9003/actuator/health', method='null', header={}, tcp='null', timeout='null', deregisterCriticalServiceAfter='null', tlsSkipVerify=null, status='null', grpc='null', grpcUseTLS=null}, checks=null}
2023-04-16T23:10:37.289+05:30  INFO 20244 --- [restartedMain] c.pms.G2AppointmentServiceApplication    : Started G2AppointmentServiceApplication in 14.576 seconds (process running for 15.658)
2023-04-16T23:10:38.251+05:30  INFO 20244 --- [RMI TCP Connection(11)-127.0.0.1] o.a.c.c.C.[Tomcat].[localhost].[/]       : Initializing Spring DispatcherServlet 'dispatcherServlet'
2023-04-16T23:10:38.251+05:30  INFO 20244 --- [RMI TCP Connection(11)-127.0.0.1] o.s.web.servlet.DispatcherServlet        : Initializing Servlet 'dispatcherServlet'
2023-04-16T23:10:38.255+05:30  INFO 20244 --- [RMI TCP Connection(11)-127.0.0.1] o.s.web.servlet.DispatcherServlet        : Completed initialization in 4 ms
2023-04-16T23:17:53.025+05:30  INFO 20244 --- [http-nio-9003-exec-8] com.pms.Controller.CentralizedLogging    : ----->before @showAvailability:[PA009832]
2023-04-16T23:17:53.554+05:30  INFO 20244 --- [http-nio-9003-exec-8] com.pms.Controller.CentralizedLogging    : ----->after @showAvailability:[PA009832], result: <200 OK OK,[],[]>
2023-04-16T23:17:57.573+05:30  INFO 20244 --- [http-nio-9003-exec-10] com.pms.Controller.CentralizedLogging    : ----->before @showAvailability:[PA009832]
2023-04-16T23:17:57.578+05:30  INFO 20244 --- [http-nio-9003-exec-10] com.pms.Controller.CentralizedLogging    : ----->after @showAvailability:[PA009832], result: <200 OK OK,[],[]>
2023-04-16T23:18:00.148+05:30  INFO 20244 --- [http-nio-9003-exec-9] com.pms.Controller.CentralizedLogging    : ----->before @showAvailability:[PA009832]
2023-04-16T23:18:00.156+05:30  INFO 20244 --- [http-nio-9003-exec-9] com.pms.Controller.CentralizedLogging    : ----->after @showAvailability:[PA009832], result: <200 OK OK,[],[]>
2023-04-16T23:18:11.605+05:30  INFO 20244 --- [http-nio-9003-exec-3] com.pms.Controller.CentralizedLogging    : ----->before @showAvailability:[PA009832]
2023-04-16T23:18:11.615+05:30  INFO 20244 --- [http-nio-9003-exec-3] com.pms.Controller.CentralizedLogging    : ----->after @showAvailability:[PA009832], result: <200 OK OK,[],[]>
2023-04-16T23:18:30.390+05:30  INFO 20244 --- [http-nio-9003-exec-4] com.pms.Controller.CentralizedLogging    : ----->before @showAvailability:[PA009832]
2023-04-16T23:18:30.395+05:30  INFO 20244 --- [http-nio-9003-exec-4] com.pms.Controller.CentralizedLogging    : ----->after @showAvailability:[PA009832], result: <200 OK OK,[],[]>
2023-04-16T23:18:45.027+05:30  INFO 20244 --- [http-nio-9003-exec-8] com.pms.Controller.CentralizedLogging    : ----->before @showAvailability:[PA009832]
2023-04-16T23:18:45.037+05:30  INFO 20244 --- [http-nio-9003-exec-8] com.pms.Controller.CentralizedLogging    : ----->after @showAvailability:[PA009832], result: <200 OK OK,[],[]>
2023-04-16T23:19:03.321+05:30  INFO 20244 --- [http-nio-9003-exec-10] com.pms.Controller.CentralizedLogging    : ----->before @showAvailability:[PA009832]
2023-04-16T23:19:03.326+05:30  INFO 20244 --- [http-nio-9003-exec-10] com.pms.Controller.CentralizedLogging    : ----->after @showAvailability:[PA009832], result: <200 OK OK,[],[]>
2023-04-16T23:21:04.513+05:30  INFO 20244 --- [http-nio-9003-exec-1] com.pms.Controller.CentralizedLogging    : ----->before @showAvailability:[PA009832]
2023-04-16T23:21:04.523+05:30  INFO 20244 --- [http-nio-9003-exec-1] com.pms.Controller.CentralizedLogging    : ----->after @showAvailability:[PA009832], result: <200 OK OK,[],[]>
2023-04-16T23:21:07.371+05:30  INFO 20244 --- [http-nio-9003-exec-2] com.pms.Controller.CentralizedLogging    : ----->before @showAvailability:[PA009832]
2023-04-16T23:21:07.379+05:30  INFO 20244 --- [http-nio-9003-exec-2] com.pms.Controller.CentralizedLogging    : ----->after @showAvailability:[PA009832], result: <200 OK OK,[],[]>
2023-04-16T23:22:27.985+05:30  INFO 20244 --- [http-nio-9003-exec-1] com.pms.Controller.CentralizedLogging    : ----->before @showAllAvailability:[]
2023-04-16T23:22:28.179+05:30 ERROR 20244 --- [http-nio-9003-exec-1] com.pms.Controller.CentralizedLogging    : ----->Exception during: @showAllAvailability:[] with ex: com.pms.exception.AppointmentServiceException: appointments does not exist 
2023-04-16T23:22:28.243+05:30  WARN 20244 --- [http-nio-9003-exec-1] .m.m.a.ExceptionHandlerExceptionResolver : Resolved [com.pms.exception.AppointmentServiceException: appointments does not exist ]
2023-04-16T23:25:22.043+05:30  INFO 20244 --- [http-nio-9003-exec-7] com.pms.Controller.CentralizedLogging    : ----->before @findByAcceptance:[accepted]
2023-04-16T23:25:22.057+05:30  INFO 20244 --- [http-nio-9003-exec-7] com.pms.Controller.CentralizedLogging    : ----->after @findByAcceptance:[accepted], result: <200 OK OK,[],[]>
2023-04-16T23:25:28.235+05:30  INFO 20244 --- [http-nio-9003-exec-10] com.pms.Controller.CentralizedLogging    : ----->before @findByAcceptance:[accepted]
2023-04-16T23:25:28.246+05:30  INFO 20244 --- [http-nio-9003-exec-10] com.pms.Controller.CentralizedLogging    : ----->after @findByAcceptance:[accepted], result: <200 OK OK,[],[]>
2023-04-16T23:26:26.389+05:30  INFO 20244 --- [http-nio-9003-exec-5] com.pms.Controller.CentralizedLogging    : ----->before @saveDetails:[Appointment(appointmentId=null, reason=headache, appointmentDate=2023-04-16, acceptance=pending, patientId=PA000DFC, physicianEmail=dr.roshan@pms.com, PatientName=Noorrullah Ansari, submissionDate=2023-04-16)]
2023-04-16T23:26:26.598+05:30  INFO 20244 --- [http-nio-9003-exec-5] com.pms.Controller.CentralizedLogging    : ----->after @saveDetails:[Appointment(appointmentId=AP005942, reason=headache, appointmentDate=2023-04-16, acceptance=pending, patientId=PA000DFC, physicianEmail=dr.roshan@pms.com, PatientName=Noorrullah Ansari, submissionDate=2023-04-16)], result: <201 CREATED Created,Appointment(appointmentId=AP005942, reason=headache, appointmentDate=2023-04-16, acceptance=pending, patientId=PA000DFC, physicianEmail=dr.roshan@pms.com, PatientName=Noorrullah Ansari, submissionDate=2023-04-16),[]>
2023-04-16T23:26:35.685+05:30  INFO 20244 --- [http-nio-9003-exec-8] com.pms.Controller.CentralizedLogging    : ----->before @showAvailability:[PA000DFC]
2023-04-16T23:26:35.722+05:30  INFO 20244 --- [http-nio-9003-exec-8] com.pms.Controller.CentralizedLogging    : ----->after @showAvailability:[PA000DFC], result: <200 OK OK,[Appointment(appointmentId=AP005942, reason=headache, appointmentDate=2023-04-16, acceptance=pending, patientId=PA000DFC, physicianEmail=dr.roshan@pms.com, PatientName=Noorrullah Ansari, submissionDate=2023-04-16)],[]>
2023-04-16T23:27:03.292+05:30  INFO 20244 --- [http-nio-9003-exec-9] com.pms.Controller.CentralizedLogging    : ----->before @showAvailability:[PA000DFC]
2023-04-16T23:27:03.300+05:30  INFO 20244 --- [http-nio-9003-exec-9] com.pms.Controller.CentralizedLogging    : ----->after @showAvailability:[PA000DFC], result: <200 OK OK,[Appointment(appointmentId=AP005942, reason=headache, appointmentDate=2023-04-16, acceptance=pending, patientId=PA000DFC, physicianEmail=dr.roshan@pms.com, PatientName=Noorrullah Ansari, submissionDate=2023-04-16)],[]>
2023-04-16T23:27:39.199+05:30  INFO 20244 --- [http-nio-9003-exec-4] com.pms.Controller.CentralizedLogging    : ----->before @saveDetails:[Appointment(appointmentId=null, reason=fever, appointmentDate=2023-04-20, acceptance=pending, patientId=PA000DFC, physicianEmail=kush@gmail.com, PatientName=Noorrullah Ansari, submissionDate=2023-04-16)]
2023-04-16T23:27:39.207+05:30  INFO 20244 --- [http-nio-9003-exec-4] com.pms.Controller.CentralizedLogging    : ----->after @saveDetails:[Appointment(appointmentId=AP002835, reason=fever, appointmentDate=2023-04-20, acceptance=pending, patientId=PA000DFC, physicianEmail=kush@gmail.com, PatientName=Noorrullah Ansari, submissionDate=2023-04-16)], result: <201 CREATED Created,Appointment(appointmentId=AP002835, reason=fever, appointmentDate=2023-04-20, acceptance=pending, patientId=PA000DFC, physicianEmail=kush@gmail.com, PatientName=Noorrullah Ansari, submissionDate=2023-04-16),[]>
2023-04-16T23:28:57.303+05:30  INFO 20244 --- [http-nio-9003-exec-2] com.pms.Controller.CentralizedLogging    : ----->before @showAvailability:[PA000DFC]
2023-04-16T23:28:57.315+05:30  INFO 20244 --- [http-nio-9003-exec-2] com.pms.Controller.CentralizedLogging    : ----->after @showAvailability:[PA000DFC], result: <200 OK OK,[Appointment(appointmentId=AP002835, reason=fever, appointmentDate=2023-04-20, acceptance=pending, patientId=PA000DFC, physicianEmail=kush@gmail.com, PatientName=Noorrullah Ansari, submissionDate=2023-04-16), Appointment(appointmentId=AP005942, reason=headache, appointmentDate=2023-04-16, acceptance=pending, patientId=PA000DFC, physicianEmail=dr.roshan@pms.com, PatientName=Noorrullah Ansari, submissionDate=2023-04-16)],[]>
2023-04-16T23:41:10.091+05:30  INFO 20244 --- [http-nio-9003-exec-6] com.pms.Controller.CentralizedLogging    : ----->before @saveDetails:[Appointment(appointmentId=null, reason=heart pain, appointmentDate=2023-04-17, acceptance=pending, patientId=PA004416, physicianEmail=dr.noor@pms.com, PatientName=Tauqeer Alam, submissionDate=2023-04-16)]
2023-04-16T23:41:10.127+05:30  INFO 20244 --- [http-nio-9003-exec-6] com.pms.Controller.CentralizedLogging    : ----->after @saveDetails:[Appointment(appointmentId=AP007303, reason=heart pain, appointmentDate=2023-04-17, acceptance=pending, patientId=PA004416, physicianEmail=dr.noor@pms.com, PatientName=Tauqeer Alam, submissionDate=2023-04-16)], result: <201 CREATED Created,Appointment(appointmentId=AP007303, reason=heart pain, appointmentDate=2023-04-17, acceptance=pending, patientId=PA004416, physicianEmail=dr.noor@pms.com, PatientName=Tauqeer Alam, submissionDate=2023-04-16),[]>
