2023-04-16T23:10:36.356+05:30  INFO 20884 --- [restartedMain] com.pms.Auth0Application                 : Starting Auth0Application using Java 17.0.6 with PID 20884 (C:\PMS-Project\PMS-Updated-Services\g2-auth0-service\target\classes started by Noorullah Ansari in C:\PMS-Project\PMS-Updated-Services\g2-auth0-service)
2023-04-16T23:10:36.365+05:30  INFO 20884 --- [restartedMain] com.pms.Auth0Application                 : The following 1 profile is active: "local"
2023-04-16T23:10:36.443+05:30  INFO 20884 --- [restartedMain] .e.DevToolsPropertyDefaultsPostProcessor : For additional web related logging consider setting the 'logging.level.web' property to 'DEBUG'
2023-04-16T23:10:37.935+05:30  INFO 20884 --- [restartedMain] .s.d.r.c.RepositoryConfigurationDelegate : Bootstrapping Spring Data JPA repositories in DEFAULT mode.
2023-04-16T23:10:38.130+05:30  INFO 20884 --- [restartedMain] .s.d.r.c.RepositoryConfigurationDelegate : Finished Spring Data repository scanning in 183 ms. Found 3 JPA repository interfaces.
2023-04-16T23:10:38.708+05:30  INFO 20884 --- [restartedMain] o.s.cloud.context.scope.GenericScope     : BeanFactory id=a60bfa39-6146-3529-8bca-b2865537b02b
2023-04-16T23:10:38.945+05:30  INFO 20884 --- [restartedMain] trationDelegate$BeanPostProcessorChecker : Bean 'org.springframework.ws.config.annotation.DelegatingWsConfiguration' of type [org.springframework.ws.config.annotation.DelegatingWsConfiguration$$SpringCGLIB$$0] is not eligible for getting processed by all BeanPostProcessors (for example: not eligible for auto-proxying)
2023-04-16T23:10:39.033+05:30  INFO 20884 --- [restartedMain] .w.s.a.s.AnnotationActionEndpointMapping : Supporting [WS-Addressing August 2004, WS-Addressing 1.0]
2023-04-16T23:10:39.533+05:30  INFO 20884 --- [restartedMain] trationDelegate$BeanPostProcessorChecker : Bean 'org.springframework.cloud.client.loadbalancer.reactive.LoadBalancerBeanPostProcessorAutoConfiguration' of type [org.springframework.cloud.client.loadbalancer.reactive.LoadBalancerBeanPostProcessorAutoConfiguration] is not eligible for getting processed by all BeanPostProcessors (for example: not eligible for auto-proxying)
2023-04-16T23:10:39.543+05:30  INFO 20884 --- [restartedMain] trationDelegate$BeanPostProcessorChecker : Bean 'org.springframework.cloud.client.loadbalancer.reactive.LoadBalancerBeanPostProcessorAutoConfiguration$ReactorDeferringLoadBalancerFilterConfig' of type [org.springframework.cloud.client.loadbalancer.reactive.LoadBalancerBeanPostProcessorAutoConfiguration$ReactorDeferringLoadBalancerFilterConfig] is not eligible for getting processed by all BeanPostProcessors (for example: not eligible for auto-proxying)
2023-04-16T23:10:39.553+05:30  INFO 20884 --- [restartedMain] trationDelegate$BeanPostProcessorChecker : Bean 'reactorDeferringLoadBalancerExchangeFilterFunction' of type [org.springframework.cloud.client.loadbalancer.reactive.DeferringLoadBalancerExchangeFilterFunction] is not eligible for getting processed by all BeanPostProcessors (for example: not eligible for auto-proxying)
2023-04-16T23:10:40.265+05:30  INFO 20884 --- [restartedMain] o.s.b.w.embedded.tomcat.TomcatWebServer  : Tomcat initialized with port(s): 9009 (http)
2023-04-16T23:10:40.281+05:30  INFO 20884 --- [restartedMain] o.apache.catalina.core.StandardService   : Starting service [Tomcat]
2023-04-16T23:10:40.282+05:30  INFO 20884 --- [restartedMain] o.apache.catalina.core.StandardEngine    : Starting Servlet engine: [Apache Tomcat/10.1.7]
2023-04-16T23:10:40.449+05:30  INFO 20884 --- [restartedMain] o.a.c.c.C.[Tomcat].[localhost].[/]       : Initializing Spring embedded WebApplicationContext
2023-04-16T23:10:40.450+05:30  INFO 20884 --- [restartedMain] w.s.c.ServletWebServerApplicationContext : Root WebApplicationContext: initialization completed in 4006 ms
2023-04-16T23:10:41.384+05:30  INFO 20884 --- [restartedMain] com.zaxxer.hikari.HikariDataSource       : HikariPool-1 - Starting...
2023-04-16T23:10:41.569+05:30  INFO 20884 --- [restartedMain] com.zaxxer.hikari.pool.HikariPool        : HikariPool-1 - Added connection com.mysql.cj.jdbc.ConnectionImpl@1feefdba
2023-04-16T23:10:41.572+05:30  INFO 20884 --- [restartedMain] com.zaxxer.hikari.HikariDataSource       : HikariPool-1 - Start completed.
2023-04-16T23:10:41.596+05:30  INFO 20884 --- [restartedMain] SQL dialect                              : HHH000400: Using dialect: org.hibernate.dialect.MySQL8Dialect
2023-04-16T23:10:42.737+05:30  INFO 20884 --- [restartedMain] j.LocalContainerEntityManagerFactoryBean : Initialized JPA EntityManagerFactory for persistence unit 'default'
2023-04-16T23:10:43.454+05:30  WARN 20884 --- [restartedMain] JpaBaseConfiguration$JpaWebConfiguration : spring.jpa.open-in-view is enabled by default. Therefore, database queries may be performed during view rendering. Explicitly configure spring.jpa.open-in-view to disable this warning
2023-04-16T23:10:47.120+05:30  WARN 20884 --- [restartedMain] o.s.b.d.a.OptionalLiveReloadServer       : Unable to start LiveReload server
2023-04-16T23:10:47.644+05:30  WARN 20884 --- [restartedMain] iguration$LoadBalancerCaffeineWarnLogger : Spring Cloud LoadBalancer is currently working with the default cache. While this cache implementation is useful for development and tests, it's recommended to use Caffeine cache in production.You can switch to using Caffeine cache, by adding it and org.springframework.cache.caffeine.CaffeineCacheManager to the classpath.
2023-04-16T23:10:47.671+05:30  INFO 20884 --- [restartedMain] o.s.b.a.e.web.EndpointLinksResolver      : Exposing 1 endpoint(s) beneath base path '/actuator'
2023-04-16T23:10:47.860+05:30  INFO 20884 --- [restartedMain] o.s.b.w.embedded.tomcat.TomcatWebServer  : Tomcat started on port(s): 9009 (http) with context path ''
2023-04-16T23:10:47.867+05:30  INFO 20884 --- [restartedMain] o.s.c.c.s.ConsulServiceRegistry          : Registering service with consul: NewService{id='g2-auth0-service-9009', name='g2-auth0-service', tags=[], address='host.docker.internal', meta={secure=false}, port=9009, enableTagOverride=null, check=Check{script='null', dockerContainerID='null', shell='null', interval='12s', ttl='null', http='http://host.docker.internal:9009/actuator/health', method='null', header={}, tcp='null', timeout='null', deregisterCriticalServiceAfter='null', tlsSkipVerify=null, status='null', grpc='null', grpcUseTLS=null}, checks=null}
2023-04-16T23:10:48.326+05:30  INFO 20884 --- [restartedMain] com.pms.Auth0Application                 : Started Auth0Application in 12.714 seconds (process running for 13.872)
2023-04-16T23:10:49.403+05:30  WARN 20884 --- [restartedMain] o.a.h.c.protocol.ResponseProcessCookies  : Invalid cookie header: "Set-Cookie: did=s%3Av0%3Ad34c0230-dc7d-11ed-9030-7bddcf48d5d4.r7xyJzzg5C71LChlSlq752LgABdj7Cyy6UF5odMIRrk; Max-Age=31557600; Path=/; Expires=Mon, 15 Apr 2024 23:40:49 GMT; HttpOnly; Secure; SameSite=None". Invalid 'expires' attribute: Mon, 15 Apr 2024 23:40:49 GMT
2023-04-16T23:10:49.404+05:30  WARN 20884 --- [restartedMain] o.a.h.c.protocol.ResponseProcessCookies  : Invalid cookie header: "Set-Cookie: did_compat=s%3Av0%3Ad34c0230-dc7d-11ed-9030-7bddcf48d5d4.r7xyJzzg5C71LChlSlq752LgABdj7Cyy6UF5odMIRrk; Max-Age=31557600; Path=/; Expires=Mon, 15 Apr 2024 23:40:49 GMT; HttpOnly; Secure". Invalid 'expires' attribute: Mon, 15 Apr 2024 23:40:49 GMT
2023-04-16T23:10:51.056+05:30  INFO 20884 --- [RMI TCP Connection(9)-127.0.0.1] o.a.c.c.C.[Tomcat].[localhost].[/]       : Initializing Spring DispatcherServlet 'dispatcherServlet'
2023-04-16T23:10:51.056+05:30  INFO 20884 --- [RMI TCP Connection(9)-127.0.0.1] o.s.web.servlet.DispatcherServlet        : Initializing Servlet 'dispatcherServlet'
2023-04-16T23:10:51.061+05:30  INFO 20884 --- [RMI TCP Connection(9)-127.0.0.1] o.s.web.servlet.DispatcherServlet        : Completed initialization in 3 ms
