2023-04-16T23:11:27.083+05:30  INFO 21512 --- [restartedMain] c.pms.G2PatientInfoServiceApplication    : Starting G2PatientInfoServiceApplication using Java 17.0.6 with PID 21512 (C:\PMS-Project\PMS-Updated-Services\g2-patient-info-service\target\classes started by Noorullah Ansari in C:\PMS-Project\PMS-Updated-Services\g2-patient-info-service)
2023-04-16T23:11:27.091+05:30  INFO 21512 --- [restartedMain] c.pms.G2PatientInfoServiceApplication    : The following 1 profile is active: "local"
2023-04-16T23:11:27.167+05:30  INFO 21512 --- [restartedMain] .e.DevToolsPropertyDefaultsPostProcessor : For additional web related logging consider setting the 'logging.level.web' property to 'DEBUG'
2023-04-16T23:11:28.936+05:30  INFO 21512 --- [restartedMain] .s.d.r.c.RepositoryConfigurationDelegate : Bootstrapping Spring Data JPA repositories in DEFAULT mode.
2023-04-16T23:11:29.100+05:30  INFO 21512 --- [restartedMain] .s.d.r.c.RepositoryConfigurationDelegate : Finished Spring Data repository scanning in 155 ms. Found 1 JPA repository interfaces.
2023-04-16T23:11:29.577+05:30  INFO 21512 --- [restartedMain] o.s.cloud.context.scope.GenericScope     : BeanFactory id=de692e98-4188-34b8-8d3f-14274c9aaa3b
2023-04-16T23:11:29.799+05:30  INFO 21512 --- [restartedMain] trationDelegate$BeanPostProcessorChecker : Bean 'org.springframework.ws.config.annotation.DelegatingWsConfiguration' of type [org.springframework.ws.config.annotation.DelegatingWsConfiguration$$SpringCGLIB$$0] is not eligible for getting processed by all BeanPostProcessors (for example: not eligible for auto-proxying)
2023-04-16T23:11:29.852+05:30  INFO 21512 --- [restartedMain] .w.s.a.s.AnnotationActionEndpointMapping : Supporting [WS-Addressing August 2004, WS-Addressing 1.0]
2023-04-16T23:11:30.109+05:30  INFO 21512 --- [restartedMain] trationDelegate$BeanPostProcessorChecker : Bean 'org.springframework.cloud.client.loadbalancer.reactive.LoadBalancerBeanPostProcessorAutoConfiguration' of type [org.springframework.cloud.client.loadbalancer.reactive.LoadBalancerBeanPostProcessorAutoConfiguration] is not eligible for getting processed by all BeanPostProcessors (for example: not eligible for auto-proxying)
2023-04-16T23:11:30.114+05:30  INFO 21512 --- [restartedMain] trationDelegate$BeanPostProcessorChecker : Bean 'org.springframework.cloud.client.loadbalancer.reactive.LoadBalancerBeanPostProcessorAutoConfiguration$ReactorDeferringLoadBalancerFilterConfig' of type [org.springframework.cloud.client.loadbalancer.reactive.LoadBalancerBeanPostProcessorAutoConfiguration$ReactorDeferringLoadBalancerFilterConfig] is not eligible for getting processed by all BeanPostProcessors (for example: not eligible for auto-proxying)
2023-04-16T23:11:30.118+05:30  INFO 21512 --- [restartedMain] trationDelegate$BeanPostProcessorChecker : Bean 'reactorDeferringLoadBalancerExchangeFilterFunction' of type [org.springframework.cloud.client.loadbalancer.reactive.DeferringLoadBalancerExchangeFilterFunction] is not eligible for getting processed by all BeanPostProcessors (for example: not eligible for auto-proxying)
2023-04-16T23:11:30.513+05:30  INFO 21512 --- [restartedMain] o.s.b.w.embedded.tomcat.TomcatWebServer  : Tomcat initialized with port(s): 9005 (http)
2023-04-16T23:11:30.525+05:30  INFO 21512 --- [restartedMain] o.apache.catalina.core.StandardService   : Starting service [Tomcat]
2023-04-16T23:11:30.526+05:30  INFO 21512 --- [restartedMain] o.apache.catalina.core.StandardEngine    : Starting Servlet engine: [Apache Tomcat/10.1.7]
2023-04-16T23:11:30.653+05:30  INFO 21512 --- [restartedMain] o.a.c.c.C.[Tomcat].[localhost].[/]       : Initializing Spring embedded WebApplicationContext
2023-04-16T23:11:30.654+05:30  INFO 21512 --- [restartedMain] w.s.c.ServletWebServerApplicationContext : Root WebApplicationContext: initialization completed in 3485 ms
2023-04-16T23:11:31.583+05:30  INFO 21512 --- [restartedMain] com.zaxxer.hikari.HikariDataSource       : HikariPool-1 - Starting...
2023-04-16T23:11:31.952+05:30  INFO 21512 --- [restartedMain] com.zaxxer.hikari.pool.HikariPool        : HikariPool-1 - Added connection com.mysql.cj.jdbc.ConnectionImpl@5d1f3fea
2023-04-16T23:11:31.954+05:30  INFO 21512 --- [restartedMain] com.zaxxer.hikari.HikariDataSource       : HikariPool-1 - Start completed.
2023-04-16T23:11:31.978+05:30  INFO 21512 --- [restartedMain] SQL dialect                              : HHH000400: Using dialect: org.hibernate.dialect.MySQL8Dialect
2023-04-16T23:11:33.421+05:30  INFO 21512 --- [restartedMain] j.LocalContainerEntityManagerFactoryBean : Initialized JPA EntityManagerFactory for persistence unit 'default'
2023-04-16T23:11:34.737+05:30  WARN 21512 --- [restartedMain] JpaBaseConfiguration$JpaWebConfiguration : spring.jpa.open-in-view is enabled by default. Therefore, database queries may be performed during view rendering. Explicitly configure spring.jpa.open-in-view to disable this warning
2023-04-16T23:11:38.669+05:30  WARN 21512 --- [restartedMain] o.s.b.d.a.OptionalLiveReloadServer       : Unable to start LiveReload server
2023-04-16T23:11:39.092+05:30  WARN 21512 --- [restartedMain] iguration$LoadBalancerCaffeineWarnLogger : Spring Cloud LoadBalancer is currently working with the default cache. While this cache implementation is useful for development and tests, it's recommended to use Caffeine cache in production.You can switch to using Caffeine cache, by adding it and org.springframework.cache.caffeine.CaffeineCacheManager to the classpath.
2023-04-16T23:11:39.110+05:30  INFO 21512 --- [restartedMain] o.s.b.a.e.web.EndpointLinksResolver      : Exposing 1 endpoint(s) beneath base path '/actuator'
2023-04-16T23:11:39.293+05:30  INFO 21512 --- [restartedMain] o.s.b.w.embedded.tomcat.TomcatWebServer  : Tomcat started on port(s): 9005 (http) with context path ''
2023-04-16T23:11:39.299+05:30  INFO 21512 --- [restartedMain] o.s.c.c.s.ConsulServiceRegistry          : Registering service with consul: NewService{id='g2-patient-info-service-9005', name='g2-patient-info-service', tags=[], address='host.docker.internal', meta={secure=false}, port=9005, enableTagOverride=null, check=Check{script='null', dockerContainerID='null', shell='null', interval='12s', ttl='null', http='http://host.docker.internal:9005/actuator/health', method='null', header={}, tcp='null', timeout='null', deregisterCriticalServiceAfter='null', tlsSkipVerify=null, status='null', grpc='null', grpcUseTLS=null}, checks=null}
2023-04-16T23:11:39.768+05:30  INFO 21512 --- [restartedMain] c.pms.G2PatientInfoServiceApplication    : Started G2PatientInfoServiceApplication in 13.469 seconds (process running for 14.6)
2023-04-16T23:11:40.713+05:30  INFO 21512 --- [RMI TCP Connection(10)-127.0.0.1] o.a.c.c.C.[Tomcat].[localhost].[/]       : Initializing Spring DispatcherServlet 'dispatcherServlet'
2023-04-16T23:11:40.713+05:30  INFO 21512 --- [RMI TCP Connection(10)-127.0.0.1] o.s.web.servlet.DispatcherServlet        : Initializing Servlet 'dispatcherServlet'
2023-04-16T23:11:40.719+05:30  INFO 21512 --- [RMI TCP Connection(10)-127.0.0.1] o.s.web.servlet.DispatcherServlet        : Completed initialization in 4 ms
2023-04-16T23:24:25.848+05:30  INFO 21512 --- [http-nio-9005-exec-3] com.pms.controller.CentralizedLogging    : -----#####----->before @showAllAvailability:[]
2023-04-16T23:24:26.286+05:30  INFO 21512 --- [http-nio-9005-exec-3] com.pms.controller.CentralizedLogging    : -----#####----->after @showAllAvailability:[], result: <200 OK OK,[PatientInfo(patientId=PA000DFC, email=noorsiwan00@gmail.com, title=Mr, firstName=Noorrullah, lastName=Ansari, dob=29-02-2000, contactNumber=8227907838, password=Noor@123, gender=male, address=Siwan), PatientInfo(patientId=PA009832, email=roshansah400@gmail.com, title=Mr, firstName=Roshan, lastName=Sah, dob=29-02-2000, contactNumber=7788665544, password=Rosan@123, gender=male, address=Nepal)],[]>
