2023-04-16T23:11:15.077+05:30  INFO 17968 --- [restartedMain] c.pms.PatientHealthRecordsApplication    : Starting PatientHealthRecordsApplication using Java 17.0.6 with PID 17968 (C:\PMS-Project\PMS-Updated-Services\g2-patient-health-records-service\target\classes started by Noorullah Ansari in C:\PMS-Project\PMS-Updated-Services\g2-patient-health-records-service)
2023-04-16T23:11:15.085+05:30  INFO 17968 --- [restartedMain] c.pms.PatientHealthRecordsApplication    : The following 1 profile is active: "local"
2023-04-16T23:11:15.175+05:30  INFO 17968 --- [restartedMain] .e.DevToolsPropertyDefaultsPostProcessor : For additional web related logging consider setting the 'logging.level.web' property to 'DEBUG'
2023-04-16T23:11:16.788+05:30  INFO 17968 --- [restartedMain] .s.d.r.c.RepositoryConfigurationDelegate : Bootstrapping Spring Data JPA repositories in DEFAULT mode.
2023-04-16T23:11:16.934+05:30  INFO 17968 --- [restartedMain] .s.d.r.c.RepositoryConfigurationDelegate : Finished Spring Data repository scanning in 138 ms. Found 3 JPA repository interfaces.
2023-04-16T23:11:17.440+05:30  INFO 17968 --- [restartedMain] o.s.cloud.context.scope.GenericScope     : BeanFactory id=f3f0b297-56dc-3c97-ab68-b6360f737cf5
2023-04-16T23:11:17.618+05:30  INFO 17968 --- [restartedMain] trationDelegate$BeanPostProcessorChecker : Bean 'org.springframework.ws.config.annotation.DelegatingWsConfiguration' of type [org.springframework.ws.config.annotation.DelegatingWsConfiguration$$SpringCGLIB$$0] is not eligible for getting processed by all BeanPostProcessors (for example: not eligible for auto-proxying)
2023-04-16T23:11:17.689+05:30  INFO 17968 --- [restartedMain] .w.s.a.s.AnnotationActionEndpointMapping : Supporting [WS-Addressing August 2004, WS-Addressing 1.0]
2023-04-16T23:11:18.055+05:30  INFO 17968 --- [restartedMain] trationDelegate$BeanPostProcessorChecker : Bean 'org.springframework.cloud.client.loadbalancer.reactive.LoadBalancerBeanPostProcessorAutoConfiguration' of type [org.springframework.cloud.client.loadbalancer.reactive.LoadBalancerBeanPostProcessorAutoConfiguration] is not eligible for getting processed by all BeanPostProcessors (for example: not eligible for auto-proxying)
2023-04-16T23:11:18.065+05:30  INFO 17968 --- [restartedMain] trationDelegate$BeanPostProcessorChecker : Bean 'org.springframework.cloud.client.loadbalancer.reactive.LoadBalancerBeanPostProcessorAutoConfiguration$ReactorDeferringLoadBalancerFilterConfig' of type [org.springframework.cloud.client.loadbalancer.reactive.LoadBalancerBeanPostProcessorAutoConfiguration$ReactorDeferringLoadBalancerFilterConfig] is not eligible for getting processed by all BeanPostProcessors (for example: not eligible for auto-proxying)
2023-04-16T23:11:18.071+05:30  INFO 17968 --- [restartedMain] trationDelegate$BeanPostProcessorChecker : Bean 'reactorDeferringLoadBalancerExchangeFilterFunction' of type [org.springframework.cloud.client.loadbalancer.reactive.DeferringLoadBalancerExchangeFilterFunction] is not eligible for getting processed by all BeanPostProcessors (for example: not eligible for auto-proxying)
2023-04-16T23:11:18.742+05:30  INFO 17968 --- [restartedMain] o.s.b.w.embedded.tomcat.TomcatWebServer  : Tomcat initialized with port(s): 9006 (http)
2023-04-16T23:11:18.765+05:30  INFO 17968 --- [restartedMain] o.apache.catalina.core.StandardService   : Starting service [Tomcat]
2023-04-16T23:11:18.766+05:30  INFO 17968 --- [restartedMain] o.apache.catalina.core.StandardEngine    : Starting Servlet engine: [Apache Tomcat/10.1.7]
2023-04-16T23:11:19.002+05:30  INFO 17968 --- [restartedMain] o.a.c.c.C.[Tomcat].[localhost].[/]       : Initializing Spring embedded WebApplicationContext
2023-04-16T23:11:19.003+05:30  INFO 17968 --- [restartedMain] w.s.c.ServletWebServerApplicationContext : Root WebApplicationContext: initialization completed in 3826 ms
2023-04-16T23:11:20.109+05:30  INFO 17968 --- [restartedMain] com.zaxxer.hikari.HikariDataSource       : HikariPool-1 - Starting...
2023-04-16T23:11:20.504+05:30  INFO 17968 --- [restartedMain] com.zaxxer.hikari.pool.HikariPool        : HikariPool-1 - Added connection com.mysql.cj.jdbc.ConnectionImpl@27e95b99
2023-04-16T23:11:20.507+05:30  INFO 17968 --- [restartedMain] com.zaxxer.hikari.HikariDataSource       : HikariPool-1 - Start completed.
2023-04-16T23:11:20.540+05:30  INFO 17968 --- [restartedMain] SQL dialect                              : HHH000400: Using dialect: org.hibernate.dialect.MySQL8Dialect
2023-04-16T23:11:21.858+05:30  INFO 17968 --- [restartedMain] j.LocalContainerEntityManagerFactoryBean : Initialized JPA EntityManagerFactory for persistence unit 'default'
2023-04-16T23:11:22.830+05:30  WARN 17968 --- [restartedMain] JpaBaseConfiguration$JpaWebConfiguration : spring.jpa.open-in-view is enabled by default. Therefore, database queries may be performed during view rendering. Explicitly configure spring.jpa.open-in-view to disable this warning
2023-04-16T23:11:27.407+05:30  WARN 17968 --- [restartedMain] o.s.b.d.a.OptionalLiveReloadServer       : Unable to start LiveReload server
2023-04-16T23:11:27.876+05:30  WARN 17968 --- [restartedMain] iguration$LoadBalancerCaffeineWarnLogger : Spring Cloud LoadBalancer is currently working with the default cache. While this cache implementation is useful for development and tests, it's recommended to use Caffeine cache in production.You can switch to using Caffeine cache, by adding it and org.springframework.cache.caffeine.CaffeineCacheManager to the classpath.
2023-04-16T23:11:27.897+05:30  INFO 17968 --- [restartedMain] o.s.b.a.e.web.EndpointLinksResolver      : Exposing 1 endpoint(s) beneath base path '/actuator'
2023-04-16T23:11:28.069+05:30  INFO 17968 --- [restartedMain] o.s.b.w.embedded.tomcat.TomcatWebServer  : Tomcat started on port(s): 9006 (http) with context path ''
2023-04-16T23:11:28.075+05:30  INFO 17968 --- [restartedMain] o.s.c.c.s.ConsulServiceRegistry          : Registering service with consul: NewService{id='g2-patient-health-records-service-9006', name='g2-patient-health-records-service', tags=[], address='host.docker.internal', meta={secure=false}, port=9006, enableTagOverride=null, check=Check{script='null', dockerContainerID='null', shell='null', interval='10s', ttl='null', http='http://host.docker.internal:9006/actuator/health', method='null', header={}, tcp='null', timeout='null', deregisterCriticalServiceAfter='null', tlsSkipVerify=null, status='null', grpc='null', grpcUseTLS=null}, checks=null}
2023-04-16T23:11:28.501+05:30  INFO 17968 --- [restartedMain] c.pms.PatientHealthRecordsApplication    : Started PatientHealthRecordsApplication in 14.147 seconds (process running for 15.161)
2023-04-16T23:11:29.632+05:30  INFO 17968 --- [RMI TCP Connection(10)-127.0.0.1] o.a.c.c.C.[Tomcat].[localhost].[/]       : Initializing Spring DispatcherServlet 'dispatcherServlet'
2023-04-16T23:11:29.632+05:30  INFO 17968 --- [RMI TCP Connection(10)-127.0.0.1] o.s.web.servlet.DispatcherServlet        : Initializing Servlet 'dispatcherServlet'
2023-04-16T23:11:29.637+05:30  INFO 17968 --- [RMI TCP Connection(10)-127.0.0.1] o.s.web.servlet.DispatcherServlet        : Completed initialization in 5 ms
2023-04-16T23:18:09.355+05:30  INFO 17968 --- [http-nio-9006-exec-10] com.pms.controller.CentralizedLogging    : ----->before @getAll:[PA009832]
2023-04-16T23:18:09.866+05:30  INFO 17968 --- [http-nio-9006-exec-10] com.pms.controller.CentralizedLogging    : ----->after @getAll:[PA009832], result: <204 NO_CONTENT No Content,No Data Found,[]>
2023-04-16T23:18:55.163+05:30  INFO 17968 --- [http-nio-9006-exec-6] com.pms.controller.CentralizedLogging    : ----->before @getAll:[PA009832]
2023-04-16T23:18:55.173+05:30  INFO 17968 --- [http-nio-9006-exec-6] com.pms.controller.CentralizedLogging    : ----->after @getAll:[PA009832], result: <204 NO_CONTENT No Content,No Data Found,[]>
2023-04-16T23:26:41.004+05:30  INFO 17968 --- [http-nio-9006-exec-5] com.pms.controller.CentralizedLogging    : ----->before @getAll:[PA000DFC]
2023-04-16T23:26:41.010+05:30  INFO 17968 --- [http-nio-9006-exec-5] com.pms.controller.CentralizedLogging    : ----->after @getAll:[PA000DFC], result: <204 NO_CONTENT No Content,No Data Found,[]>
2023-04-16T23:27:09.853+05:30  INFO 17968 --- [http-nio-9006-exec-8] com.pms.controller.CentralizedLogging    : ----->before @getAll:[PA000DFC]
2023-04-16T23:27:09.862+05:30  INFO 17968 --- [http-nio-9006-exec-8] com.pms.controller.CentralizedLogging    : ----->after @getAll:[PA000DFC], result: <204 NO_CONTENT No Content,No Data Found,[]>
2023-04-16T23:28:59.139+05:30  INFO 17968 --- [http-nio-9006-exec-10] com.pms.controller.CentralizedLogging    : ----->before @getAll:[PA000DFC]
2023-04-16T23:28:59.148+05:30  INFO 17968 --- [http-nio-9006-exec-10] com.pms.controller.CentralizedLogging    : ----->after @getAll:[PA000DFC], result: <204 NO_CONTENT No Content,No Data Found,[]>
